<?xml version="1.0" encoding="UTF-8"?>
<!-- Generated by org.testng.reporters.JUnitXMLReporter -->
<testsuite ignored="1" hostname="TILLT09852" failures="0" tests="2" name="Test" time="0.078" errors="0" timestamp="2023-12-14T07:01:22 IST">
  <testcase classname="AppiumTest.AppiumTesting.TestNGAnnotationsExample" name="testMethod1" time="0.009"/>
  <testcase classname="AppiumTest.AppiumTesting.TestNGAnnotationsExample" name="testMethod3" time="0.002"/>
  <testcase classname="AppiumTest.AppiumTesting.TestNGAnnotationsExample" name="testMethod2" time="0.0">
    <ignored/>
  </testcase> <!-- testMethod2 -->
</testsuite> <!-- Test -->
